  Generating code
LINK : fatal error C1001: An internal error has occurred in the compiler.
  (compiler file 'f:\dd\vctools\compiler\utc\src\p2\main.c', line 258)
   To work around this problem, try simplifying or changing the program near the locations listed above.
  Please choose the Technical Support command on the Visual C++ 
   Help menu, or open the Technical Support help file for more information
    link!InvokeCompilerPass()+0x1ee62
    link!InvokeCompilerPass()+0x1e87c
    link!DllGetC2Telemetry()+0xbbcc2
  
LINK : fatal error C1001: An internal error has occurred in the compiler.
  (compiler file 'f:\dd\vctools\compiler\utc\src\p2\main.c', line 258)
   To work around this problem, try simplifying or changing the program near the locations listed above.
  Please choose the Technical Support command on the Visual C++ 
   Help menu, or open the Technical Support help file for more information
    link!InvokeCompilerPass()+0x1ee62
    link!InvokeCompilerPass()+0x1ee62
    link!InvokeCompilerPass()+0x1e87c
    link!DllGetC2Telemetry()+0xbbcc2
  
  
LINK : fatal error LNK1000: Internal error during IMAGE::BuildImage
  
    Version 14.12.25830.2
  
    ExceptionCode            = C0000005
    ExceptionFlags           = 00000000
    ExceptionAddress         = 50B4E2C1 (50720000) "G:\Visual Studio Community 2017\VC\Tools\MSVC\14.12.25827\bin\HostX86\x86\c2.dll"
    NumberParameters         = 00000002
    ExceptionInformation[ 0] = 00000000
    ExceptionInformation[ 1] = 0A30688C
  
  CONTEXT:
    Eax    = 0A30688C  Esp    = 0014EAB0
    Ebx    = 002F0113  Ebp    = 0014EAE0
    Ecx    = 00000005  Esi    = 0A30688C
    Edx    = 05AD002C  Edi    = 0014EAC0
    Eip    = 50B4E2C1  EFlags = 00010202
    SegCs  = 00000023  SegDs  = 0000002B
    SegSs  = 0000002B  SegEs  = 0000002B
    SegFs  = 00000053  SegGs  = 0000002B
    Dr0    = 00000000  Dr3    = 00000000
    Dr1    = 00000000  Dr6    = 00000000
    Dr2    = 00000000  Dr7    = 00000000
